[2024-11-12 13:04:12,339] INFO [Controller id=0] Processing automatic preferred replica leader election (kafka.controller.KafkaController)
[2024-11-12 13:04:12,345] TRACE [Controller id=0] Checking need to trigger auto leader balancing (kafka.controller.KafkaController)
[2024-11-12 13:04:12,347] DEBUG [Controller id=0] Topics not in preferred replica for broker 0 Map() (kafka.controller.KafkaController)
[2024-11-12 13:04:12,347] TRACE [Controller id=0] Leader imbalance ratio for broker 0 is 0.0 (kafka.controller.KafkaController)
[2024-11-12 13:09:12,361] INFO [Controller id=0] Processing automatic preferred replica leader election (kafka.controller.KafkaController)
[2024-11-12 13:09:12,363] TRACE [Controller id=0] Checking need to trigger auto leader balancing (kafka.controller.KafkaController)
[2024-11-12 13:09:12,364] DEBUG [Controller id=0] Topics not in preferred replica for broker 0 Map() (kafka.controller.KafkaController)
[2024-11-12 13:09:12,364] TRACE [Controller id=0] Leader imbalance ratio for broker 0 is 0.0 (kafka.controller.KafkaController)
[2024-11-12 13:13:03,523] INFO [Controller id=0] New topics: [Set(bankbranch)], deleted topics: [HashSet()], new partition replica assignment [Set(TopicIdReplicaAssignment(bankbranch,Some(jLU7qb9dQZaQs0_u3AzEuw),Map(bankbranch-0 -> ReplicaAssignment(replicas=0, addingReplicas=, removingReplicas=), bankbranch-1 -> ReplicaAssignment(replicas=0, addingReplicas=, removingReplicas=))))] (kafka.controller.KafkaController)
[2024-11-12 13:13:03,524] INFO [Controller id=0] New partition creation callback for bankbranch-0,bankbranch-1 (kafka.controller.KafkaController)
[2024-11-12 13:13:03,582] INFO [RequestSendThread controllerId=0] Controller 0 connected to mbpalekkochneva.station:9092 (id: 0 rack: null) for sending state change requests (kafka.controller.RequestSendThread)
[2024-11-12 13:14:12,370] INFO [Controller id=0] Processing automatic preferred replica leader election (kafka.controller.KafkaController)
[2024-11-12 13:14:12,372] TRACE [Controller id=0] Checking need to trigger auto leader balancing (kafka.controller.KafkaController)
[2024-11-12 13:14:12,379] DEBUG [Controller id=0] Topics not in preferred replica for broker 0 Map() (kafka.controller.KafkaController)
[2024-11-12 13:14:12,380] TRACE [Controller id=0] Leader imbalance ratio for broker 0 is 0.0 (kafka.controller.KafkaController)
[2024-11-12 13:19:12,389] INFO [Controller id=0] Processing automatic preferred replica leader election (kafka.controller.KafkaController)
[2024-11-12 13:19:12,391] TRACE [Controller id=0] Checking need to trigger auto leader balancing (kafka.controller.KafkaController)
[2024-11-12 13:19:12,393] DEBUG [Controller id=0] Topics not in preferred replica for broker 0 Map() (kafka.controller.KafkaController)
[2024-11-12 13:19:12,393] TRACE [Controller id=0] Leader imbalance ratio for broker 0 is 0.0 (kafka.controller.KafkaController)
[2024-11-12 13:21:34,694] DEBUG [Controller id=0] Delete topics listener fired for topics bankbranch to be deleted (kafka.controller.KafkaController)
[2024-11-12 13:21:34,695] INFO [Controller id=0] Starting topic deletion for topics bankbranch (kafka.controller.KafkaController)
[2024-11-12 13:21:34,696] INFO [Topic Deletion Manager 0] Handling deletion for topics bankbranch (kafka.controller.TopicDeletionManager)
[2024-11-12 13:21:34,696] INFO [Topic Deletion Manager 0] Deletion of topic bankbranch (re)started (kafka.controller.TopicDeletionManager)
[2024-11-12 13:21:34,745] DEBUG [Controller id=0] Delete topic callback invoked on StopReplica response received from broker 0: request error = NONE, partition errors = Map(bankbranch-1 -> NONE, bankbranch-0 -> NONE) (kafka.controller.KafkaController)
[2024-11-12 13:21:34,745] DEBUG [Topic Deletion Manager 0] Deletion successfully completed for replicas [Topic=bankbranch,Partition=1,Replica=0],[Topic=bankbranch,Partition=0,Replica=0] (kafka.controller.TopicDeletionManager)
[2024-11-12 13:21:34,746] INFO [Topic Deletion Manager 0] Handling deletion for topics bankbranch (kafka.controller.TopicDeletionManager)
[2024-11-12 13:21:34,789] INFO [Topic Deletion Manager 0] Deletion of topic bankbranch successfully completed (kafka.controller.TopicDeletionManager)
[2024-11-12 13:21:34,790] INFO [Controller id=0] New topics: [Set()], deleted topics: [HashSet()], new partition replica assignment [Set()] (kafka.controller.KafkaController)
[2024-11-12 13:21:34,790] DEBUG [Controller id=0] Delete topics listener fired for topics  to be deleted (kafka.controller.KafkaController)
[2024-11-12 13:22:19,758] INFO [Controller id=0] Shutting down broker 0 (kafka.controller.KafkaController)
[2024-11-12 13:22:19,759] DEBUG [Controller id=0] All shutting down brokers: 0 (kafka.controller.KafkaController)
[2024-11-12 13:22:19,759] DEBUG [Controller id=0] Live brokers:  (kafka.controller.KafkaController)
[2024-11-12 13:22:19,762] TRACE [Controller id=0] All leaders = toll-0 -> (Leader:0,ISR:0,LeaderRecoveryState:RECOVERED,LeaderEpoch:0,ZkVersion:0,ControllerEpoch:1) (kafka.controller.KafkaController)
[2024-11-12 13:22:19,851] INFO [ControllerEventThread controllerId=0] Shutting down (kafka.controller.ControllerEventManager$ControllerEventThread)
[2024-11-12 13:22:19,854] INFO [ControllerEventThread controllerId=0] Stopped (kafka.controller.ControllerEventManager$ControllerEventThread)
[2024-11-12 13:22:19,854] INFO [ControllerEventThread controllerId=0] Shutdown completed (kafka.controller.ControllerEventManager$ControllerEventThread)
[2024-11-12 13:22:19,855] DEBUG [Controller id=0] Resigning (kafka.controller.KafkaController)
[2024-11-12 13:22:19,855] DEBUG [Controller id=0] Unregister BrokerModifications handler for Set(0) (kafka.controller.KafkaController)
[2024-11-12 13:22:19,858] INFO [PartitionStateMachine controllerId=0] Stopped partition state machine (kafka.controller.ZkPartitionStateMachine)
[2024-11-12 13:22:19,858] INFO [ReplicaStateMachine controllerId=0] Stopped replica state machine (kafka.controller.ZkReplicaStateMachine)
[2024-11-12 13:22:19,859] INFO [RequestSendThread controllerId=0] Shutting down (kafka.controller.RequestSendThread)
[2024-11-12 13:22:19,860] INFO [RequestSendThread controllerId=0] Stopped (kafka.controller.RequestSendThread)
[2024-11-12 13:22:19,860] INFO [RequestSendThread controllerId=0] Shutdown completed (kafka.controller.RequestSendThread)
[2024-11-12 13:22:19,863] INFO [Controller id=0] Resigned (kafka.controller.KafkaController)
