[2024-11-12 13:13:03,537] INFO [Controller id=0 epoch=3] Changed partition bankbranch-0 state from NonExistentPartition to NewPartition with assigned replicas 0 (state.change.logger)
[2024-11-12 13:13:03,537] INFO [Controller id=0 epoch=3] Changed partition bankbranch-1 state from NonExistentPartition to NewPartition with assigned replicas 0 (state.change.logger)
[2024-11-12 13:13:03,537] INFO [Controller id=0 epoch=3] Sending UpdateMetadata request to brokers HashSet() for 0 partitions (state.change.logger)
[2024-11-12 13:13:03,538] INFO [Controller id=0 epoch=3] Sending UpdateMetadata request to brokers HashSet() for 0 partitions (state.change.logger)
[2024-11-12 13:13:03,562] INFO [Controller id=0 epoch=3] Changed partition bankbranch-0 from NewPartition to OnlinePartition with state LeaderAndIsr(leader=0, leaderEpoch=0, isrWithBrokerEpoch=List(BrokerState(brokerId=0, brokerEpoch=-1)), leaderRecoveryState=RECOVERED, partitionEpoch=0) (state.change.logger)
[2024-11-12 13:13:03,562] INFO [Controller id=0 epoch=3] Changed partition bankbranch-1 from NewPartition to OnlinePartition with state LeaderAndIsr(leader=0, leaderEpoch=0, isrWithBrokerEpoch=List(BrokerState(brokerId=0, brokerEpoch=-1)), leaderRecoveryState=RECOVERED, partitionEpoch=0) (state.change.logger)
[2024-11-12 13:13:03,562] INFO [Controller id=0 epoch=3] Sending LeaderAndIsr request to broker 0 with 2 become-leader and 0 become-follower partitions (state.change.logger)
[2024-11-12 13:13:03,568] INFO [Controller id=0 epoch=3] Sending UpdateMetadata request to brokers HashSet(0) for 2 partitions (state.change.logger)
[2024-11-12 13:13:03,568] INFO [Controller id=0 epoch=3] Sending UpdateMetadata request to brokers HashSet() for 0 partitions (state.change.logger)
[2024-11-12 13:13:03,583] INFO [Broker id=0] Handling LeaderAndIsr request correlationId 3 from controller 0 for 2 partitions (state.change.logger)
[2024-11-12 13:13:03,585] INFO [Broker id=0] Stopped fetchers as part of LeaderAndIsr request correlationId 3 from controller 0 epoch 3 as part of the become-leader transition for 2 partitions (state.change.logger)
[2024-11-12 13:13:03,594] INFO [Broker id=0] Leader bankbranch-1 with topic id Some(jLU7qb9dQZaQs0_u3AzEuw) starts at leader epoch 0 from offset 0 with partition epoch 0, high watermark 0, ISR [0], adding replicas [] and removing replicas [] . Previous leader None and previous leader epoch was -1. (state.change.logger)
[2024-11-12 13:13:03,602] INFO [Broker id=0] Leader bankbranch-0 with topic id Some(jLU7qb9dQZaQs0_u3AzEuw) starts at leader epoch 0 from offset 0 with partition epoch 0, high watermark 0, ISR [0], adding replicas [] and removing replicas [] . Previous leader None and previous leader epoch was -1. (state.change.logger)
[2024-11-12 13:13:03,609] INFO [Broker id=0] Finished LeaderAndIsr request in 26ms correlationId 3 from controller 0 for 2 partitions (state.change.logger)
[2024-11-12 13:13:03,610] INFO [Broker id=0] Add 2 partitions and deleted 0 partitions from metadata cache in response to UpdateMetadata request sent by controller 0 epoch 3 with correlation id 4 (state.change.logger)
[2024-11-12 13:21:34,697] INFO [Controller id=0 epoch=3] Sending UpdateMetadata request to brokers HashSet() for 0 partitions (state.change.logger)
[2024-11-12 13:21:34,698] INFO [Controller id=0 epoch=3] Sending UpdateMetadata request to brokers HashSet() for 0 partitions (state.change.logger)
[2024-11-12 13:21:34,698] INFO [Controller id=0 epoch=3] Sending UpdateMetadata request to brokers HashSet(0) for 2 partitions (state.change.logger)
[2024-11-12 13:21:34,699] INFO [Broker id=0] Add 0 partitions and deleted 2 partitions from metadata cache in response to UpdateMetadata request sent by controller 0 epoch 3 with correlation id 5 (state.change.logger)
[2024-11-12 13:21:34,710] INFO [Controller id=0 epoch=3] Partition bankbranch-1 state changed to (Leader:-1,ISR:0,LeaderRecoveryState:RECOVERED,LeaderEpoch:1,ZkVersion:1,ControllerEpoch:3) after removing replica 0 from the ISR as part of transition to OfflineReplica (state.change.logger)
[2024-11-12 13:21:34,710] INFO [Controller id=0 epoch=3] Partition bankbranch-0 state changed to (Leader:-1,ISR:0,LeaderRecoveryState:RECOVERED,LeaderEpoch:1,ZkVersion:1,ControllerEpoch:3) after removing replica 0 from the ISR as part of transition to OfflineReplica (state.change.logger)
[2024-11-12 13:21:34,711] INFO [Controller id=0 epoch=3] Sending UpdateMetadata request to brokers HashSet() for 0 partitions (state.change.logger)
[2024-11-12 13:21:34,712] INFO [Controller id=0 epoch=3] Sending StopReplica request for 2 replicas to broker 0 (state.change.logger)
[2024-11-12 13:21:34,712] INFO [Controller id=0 epoch=3] Sending UpdateMetadata request to brokers HashSet() for 0 partitions (state.change.logger)
[2024-11-12 13:21:34,712] INFO [Controller id=0 epoch=3] Sending StopReplica request for 2 replicas to broker 0 (state.change.logger)
[2024-11-12 13:21:34,713] INFO [Broker id=0] Handling StopReplica request correlationId 6 from controller 0 for 2 partitions (state.change.logger)
[2024-11-12 13:21:34,717] INFO [Broker id=0] Handling StopReplica request correlationId 7 from controller 0 for 2 partitions (state.change.logger)
[2024-11-12 13:21:34,746] INFO [Controller id=0 epoch=3] Sending UpdateMetadata request to brokers HashSet() for 0 partitions (state.change.logger)
[2024-11-12 13:21:34,747] INFO [Controller id=0 epoch=3] Sending UpdateMetadata request to brokers HashSet() for 0 partitions (state.change.logger)
[2024-11-12 13:22:19,761] INFO [Controller id=0 epoch=3] Sending UpdateMetadata request to brokers HashSet() for 0 partitions (state.change.logger)
